<?xml version="1.0" encoding="UTF-8"?>
<!-- Generated by org.testng.reporters.JUnitReportReporter -->
<testsuite hostname="DESKTOP-OBUN33D" failures="0" tests="3" name="MyTestCases" time="0.104" errors="0" timestamp="2023-04-12T23:51:03 AST" skipped="0">
  <testcase classname="MyTestCases" name="testContactNumbers" time="0.032"/>
  <system-out/>
  <testcase classname="MyTestCases" name="testContactSupport" time="0.033"/>
  <system-out/>
  <testcase classname="MyTestCases" name="check_the_website_default_currency" time="0.039"/>
  <system-out/>
</testsuite> <!-- MyTestCases -->
